<?xml version="1.0" encoding="UTF-8"?>
<robot generator="Robot 6.1.1 (Python 3.10.2 on win32)" generated="20230927 12:00:17.385" rpa="false" schemaversion="4">
<suite id="s1" name="Login" source="E:\MySkill\MySkill-RobotFramework\step\login.robot">
<kw name="Open Browser" library="SeleniumLibrary" type="SETUP">
<arg>${WebSauceDemo}</arg>
<arg>${BROWSER}</arg>
<doc>Opens a new browser instance to the optional ``url``.</doc>
<msg timestamp="20230927 12:00:17.675" level="INFO">Opening browser 'chrome' to base url 'https://www.saucedemo.com/'.</msg>
<status status="PASS" starttime="20230927 12:00:17.675" endtime="20230927 12:00:25.130"/>
</kw>
<test id="s1-t1" name="User login with invalid username" line="37">
<kw name="Input invalid Username">
<kw name="Input Text" library="SeleniumLibrary">
<arg>${txtUsername}</arg>
<arg>123</arg>
<doc>Types the given ``text`` into the text field identified by ``locator``.</doc>
<msg timestamp="20230927 12:00:25.137" level="INFO">Typing text '123' into text field 'user-name'.</msg>
<status status="PASS" starttime="20230927 12:00:25.134" endtime="20230927 12:00:25.339"/>
</kw>
<status status="PASS" starttime="20230927 12:00:25.133" endtime="20230927 12:00:25.339"/>
</kw>
<kw name="Input password">
<kw name="Input Text" library="SeleniumLibrary">
<arg>${txtPassword}</arg>
<arg>secret_sauce</arg>
<doc>Types the given ``text`` into the text field identified by ``locator``.</doc>
<msg timestamp="20230927 12:00:25.339" level="INFO">Typing text 'secret_sauce' into text field 'password'.</msg>
<status status="PASS" starttime="20230927 12:00:25.339" endtime="20230927 12:00:25.487"/>
</kw>
<status status="PASS" starttime="20230927 12:00:25.339" endtime="20230927 12:00:25.488"/>
</kw>
<kw name="Click button login">
<kw name="Click Element" library="SeleniumLibrary">
<arg>${btnLogin}</arg>
<doc>Click the element identified by ``locator``.</doc>
<msg timestamp="20230927 12:00:25.490" level="INFO">Clicking element 'login-button'.</msg>
<status status="PASS" starttime="20230927 12:00:25.489" endtime="20230927 12:00:25.615"/>
</kw>
<kw name="Sleep" library="BuiltIn">
<arg>1s</arg>
<doc>Pauses the test executed for the given time.</doc>
<msg timestamp="20230927 12:00:26.617" level="INFO">Slept 1 second</msg>
<status status="PASS" starttime="20230927 12:00:25.615" endtime="20230927 12:00:26.617"/>
</kw>
<status status="PASS" starttime="20230927 12:00:25.488" endtime="20230927 12:00:26.617"/>
</kw>
<status status="PASS" starttime="20230927 12:00:25.130" endtime="20230927 12:00:26.618"/>
</test>
<kw name="Close Browser" library="SeleniumLibrary" type="TEARDOWN">
<doc>Closes the current browser.</doc>
<status status="PASS" starttime="20230927 12:00:26.618" endtime="20230927 12:00:29.082"/>
</kw>
<status status="PASS" starttime="20230927 12:00:17.387" endtime="20230927 12:00:29.083"/>
</suite>
<statistics>
<total>
<stat pass="1" fail="0" skip="0">All Tests</stat>
</total>
<tag>
</tag>
<suite>
<stat pass="1" fail="0" skip="0" id="s1" name="Login">Login</stat>
</suite>
</statistics>
<errors>
</errors>
</robot>
